[2016-07-21 15:53:47] local.ERROR: PDOException: SQLSTATE[HY000] [1045] Access denied for user 'root'@'localhost' (using password: NO) in /home/vagrant/htdocs/fourgreenfieldsfarm/vendor/laravel/framework/src/Illuminate/Database/Connectors/Connector.php:47
Stack trace:
#0 /home/vagrant/htdocs/fourgreenfieldsfarm/vendor/laravel/framework/src/Illuminate/Database/Connectors/Connector.php(47): PDO->__construct('mysql:host=loca...', 'root', '', Array)
#1 /home/vagrant/htdocs/fourgreenfieldsfarm/vendor/laravel/framework/src/Illuminate/Database/Connectors/MySqlConnector.php(20): Illuminate\Database\Connectors\Connector->createConnection('mysql:host=loca...', Array, Array)
#2 /home/vagrant/htdocs/fourgreenfieldsfarm/vendor/laravel/framework/src/Illuminate/Database/Connectors/ConnectionFactory.php(57): Illuminate\Database\Connectors\MySqlConnector->connect(Array)
#3 /home/vagrant/htdocs/fourgreenfieldsfarm/vendor/laravel/framework/src/Illuminate/Database/Connectors/ConnectionFactory.php(46): Illuminate\Database\Connectors\ConnectionFactory->createSingleConnection(Array)
#4 /home/vagrant/htdocs/fourgreenfieldsfarm/vendor/laravel/framework/src/Illuminate/Database/DatabaseManager.php(176): Illuminate\Database\Connectors\ConnectionFactory->make(Array, 'mysql')
#5 /home/vagrant/htdocs/fourgreenfieldsfarm/vendor/laravel/framework/src/Illuminate/Database/DatabaseManager.php(64): Illuminate\Database\DatabaseManager->makeConnection('mysql')
#6 /home/vagrant/htdocs/fourgreenfieldsfarm/vendor/laravel/framework/src/Illuminate/Database/Eloquent/Model.php(2922): Illuminate\Database\DatabaseManager->connection('mysql')
#7 /home/vagrant/htdocs/fourgreenfieldsfarm/vendor/laravel/framework/src/Illuminate/Database/Eloquent/Model.php(2888): Illuminate\Database\Eloquent\Model::resolveConnection(NULL)
#8 /home/vagrant/htdocs/fourgreenfieldsfarm/vendor/laravel/framework/src/Illuminate/Database/Eloquent/Model.php(1849): Illuminate\Database\Eloquent\Model->getConnection()
#9 /home/vagrant/htdocs/fourgreenfieldsfarm/vendor/laravel/framework/src/Illuminate/Database/Eloquent/Model.php(1790): Illuminate\Database\Eloquent\Model->newBaseQueryBuilder()
#10 /home/vagrant/htdocs/fourgreenfieldsfarm/vendor/laravel/framework/src/Illuminate/Database/Eloquent/Model.php(1764): Illuminate\Database\Eloquent\Model->newQueryWithoutScopes()
#11 /home/vagrant/htdocs/fourgreenfieldsfarm/vendor/laravel/framework/src/Illuminate/Database/Eloquent/Model.php(3109): Illuminate\Database\Eloquent\Model->newQuery()
#12 [internal function]: Illuminate\Database\Eloquent\Model->__call('where', Array)
#13 /home/vagrant/htdocs/fourgreenfieldsfarm/vendor/laravel/framework/src/Illuminate/Database/Eloquent/Model.php(3125): call_user_func_array(Array, Array)
#14 /home/vagrant/htdocs/fourgreenfieldsfarm/app/controllers/HomeController.php(169): Illuminate\Database\Eloquent\Model::__callStatic('where', Array)
#15 [internal function]: HomeController->getEvents()
#16 /home/vagrant/htdocs/fourgreenfieldsfarm/vendor/laravel/framework/src/Illuminate/Routing/Controller.php(231): call_user_func_array(Array, Array)
#17 /home/vagrant/htdocs/fourgreenfieldsfarm/vendor/laravel/framework/src/Illuminate/Routing/ControllerDispatcher.php(93): Illuminate\Routing\Controller->callAction('getEvents', Array)
#18 /home/vagrant/htdocs/fourgreenfieldsfarm/vendor/laravel/framework/src/Illuminate/Routing/ControllerDispatcher.php(62): Illuminate\Routing\ControllerDispatcher->call(Object(HomeController), Object(Illuminate\Routing\Route), 'getEvents')
#19 /home/vagrant/htdocs/fourgreenfieldsfarm/vendor/laravel/framework/src/Illuminate/Routing/Router.php(967): Illuminate\Routing\ControllerDispatcher->dispatch(Object(Illuminate\Routing\Route), Object(Illuminate\Http\Request), 'HomeController', 'getEvents')
#20 [internal function]: Illuminate\Routing\Router->Illuminate\Routing\{closure}()
#21 /home/vagrant/htdocs/fourgreenfieldsfarm/vendor/laravel/framework/src/Illuminate/Routing/Route.php(109): call_user_func_array(Object(Closure), Array)
#22 /home/vagrant/htdocs/fourgreenfieldsfarm/vendor/laravel/framework/src/Illuminate/Routing/Router.php(1033): Illuminate\Routing\Route->run(Object(Illuminate\Http\Request))
#23 /home/vagrant/htdocs/fourgreenfieldsfarm/vendor/laravel/framework/src/Illuminate/Routing/Router.php(1001): Illuminate\Routing\Router->dispatchToRoute(Object(Illuminate\Http\Request))
#24 /home/vagrant/htdocs/fourgreenfieldsfarm/vendor/laravel/framework/src/Illuminate/Foundation/Application.php(775): Illuminate\Routing\Router->dispatch(Object(Illuminate\Http\Request))
#25 /home/vagrant/htdocs/fourgreenfieldsfarm/vendor/laravel/framework/src/Illuminate/Foundation/Application.php(745): Illuminate\Foundation\Application->dispatch(Object(Illuminate\Http\Request))
#26 /home/vagrant/htdocs/fourgreenfieldsfarm/vendor/laravel/framework/src/Illuminate/Session/Middleware.php(72): Illuminate\Foundation\Application->handle(Object(Illuminate\Http\Request), 1, true)
#27 /home/vagrant/htdocs/fourgreenfieldsfarm/vendor/laravel/framework/src/Illuminate/Cookie/Queue.php(47): Illuminate\Session\Middleware->handle(Object(Illuminate\Http\Request), 1, true)
#28 /home/vagrant/htdocs/fourgreenfieldsfarm/vendor/laravel/framework/src/Illuminate/Cookie/Guard.php(51): Illuminate\Cookie\Queue->handle(Object(Illuminate\Http\Request), 1, true)
#29 /home/vagrant/htdocs/fourgreenfieldsfarm/vendor/stack/builder/src/Stack/StackedHttpKernel.php(23): Illuminate\Cookie\Guard->handle(Object(Illuminate\Http\Request), 1, true)
#30 /home/vagrant/htdocs/fourgreenfieldsfarm/vendor/laravel/framework/src/Illuminate/Foundation/Application.php(641): Stack\StackedHttpKernel->handle(Object(Illuminate\Http\Request))
#31 /home/vagrant/htdocs/fourgreenfieldsfarm/public/index.php(49): Illuminate\Foundation\Application->run()
#32 {main} [] []
[2016-07-21 15:54:04] local.ERROR: PDOException: SQLSTATE[HY000] [1049] Unknown database 'fourgreenfieldsfarm' in /home/vagrant/htdocs/fourgreenfieldsfarm/vendor/laravel/framework/src/Illuminate/Database/Connectors/Connector.php:47
Stack trace:
#0 /home/vagrant/htdocs/fourgreenfieldsfarm/vendor/laravel/framework/src/Illuminate/Database/Connectors/Connector.php(47): PDO->__construct('mysql:host=loca...', 'homestead', 'secret', Array)
#1 /home/vagrant/htdocs/fourgreenfieldsfarm/vendor/laravel/framework/src/Illuminate/Database/Connectors/MySqlConnector.php(20): Illuminate\Database\Connectors\Connector->createConnection('mysql:host=loca...', Array, Array)
#2 /home/vagrant/htdocs/fourgreenfieldsfarm/vendor/laravel/framework/src/Illuminate/Database/Connectors/ConnectionFactory.php(57): Illuminate\Database\Connectors\MySqlConnector->connect(Array)
#3 /home/vagrant/htdocs/fourgreenfieldsfarm/vendor/laravel/framework/src/Illuminate/Database/Connectors/ConnectionFactory.php(46): Illuminate\Database\Connectors\ConnectionFactory->createSingleConnection(Array)
#4 /home/vagrant/htdocs/fourgreenfieldsfarm/vendor/laravel/framework/src/Illuminate/Database/DatabaseManager.php(176): Illuminate\Database\Connectors\ConnectionFactory->make(Array, 'mysql')
#5 /home/vagrant/htdocs/fourgreenfieldsfarm/vendor/laravel/framework/src/Illuminate/Database/DatabaseManager.php(64): Illuminate\Database\DatabaseManager->makeConnection('mysql')
#6 /home/vagrant/htdocs/fourgreenfieldsfarm/vendor/laravel/framework/src/Illuminate/Database/Eloquent/Model.php(2922): Illuminate\Database\DatabaseManager->connection('mysql')
#7 /home/vagrant/htdocs/fourgreenfieldsfarm/vendor/laravel/framework/src/Illuminate/Database/Eloquent/Model.php(2888): Illuminate\Database\Eloquent\Model::resolveConnection(NULL)
#8 /home/vagrant/htdocs/fourgreenfieldsfarm/vendor/laravel/framework/src/Illuminate/Database/Eloquent/Model.php(1849): Illuminate\Database\Eloquent\Model->getConnection()
#9 /home/vagrant/htdocs/fourgreenfieldsfarm/vendor/laravel/framework/src/Illuminate/Database/Eloquent/Model.php(1790): Illuminate\Database\Eloquent\Model->newBaseQueryBuilder()
#10 /home/vagrant/htdocs/fourgreenfieldsfarm/vendor/laravel/framework/src/Illuminate/Database/Eloquent/Model.php(1764): Illuminate\Database\Eloquent\Model->newQueryWithoutScopes()
#11 /home/vagrant/htdocs/fourgreenfieldsfarm/vendor/laravel/framework/src/Illuminate/Database/Eloquent/Model.php(3109): Illuminate\Database\Eloquent\Model->newQuery()
#12 [internal function]: Illuminate\Database\Eloquent\Model->__call('where', Array)
#13 /home/vagrant/htdocs/fourgreenfieldsfarm/vendor/laravel/framework/src/Illuminate/Database/Eloquent/Model.php(3125): call_user_func_array(Array, Array)
#14 /home/vagrant/htdocs/fourgreenfieldsfarm/app/controllers/HomeController.php(169): Illuminate\Database\Eloquent\Model::__callStatic('where', Array)
#15 [internal function]: HomeController->getEvents()
#16 /home/vagrant/htdocs/fourgreenfieldsfarm/vendor/laravel/framework/src/Illuminate/Routing/Controller.php(231): call_user_func_array(Array, Array)
#17 /home/vagrant/htdocs/fourgreenfieldsfarm/vendor/laravel/framework/src/Illuminate/Routing/ControllerDispatcher.php(93): Illuminate\Routing\Controller->callAction('getEvents', Array)
#18 /home/vagrant/htdocs/fourgreenfieldsfarm/vendor/laravel/framework/src/Illuminate/Routing/ControllerDispatcher.php(62): Illuminate\Routing\ControllerDispatcher->call(Object(HomeController), Object(Illuminate\Routing\Route), 'getEvents')
#19 /home/vagrant/htdocs/fourgreenfieldsfarm/vendor/laravel/framework/src/Illuminate/Routing/Router.php(967): Illuminate\Routing\ControllerDispatcher->dispatch(Object(Illuminate\Routing\Route), Object(Illuminate\Http\Request), 'HomeController', 'getEvents')
#20 [internal function]: Illuminate\Routing\Router->Illuminate\Routing\{closure}()
#21 /home/vagrant/htdocs/fourgreenfieldsfarm/vendor/laravel/framework/src/Illuminate/Routing/Route.php(109): call_user_func_array(Object(Closure), Array)
#22 /home/vagrant/htdocs/fourgreenfieldsfarm/vendor/laravel/framework/src/Illuminate/Routing/Router.php(1033): Illuminate\Routing\Route->run(Object(Illuminate\Http\Request))
#23 /home/vagrant/htdocs/fourgreenfieldsfarm/vendor/laravel/framework/src/Illuminate/Routing/Router.php(1001): Illuminate\Routing\Router->dispatchToRoute(Object(Illuminate\Http\Request))
#24 /home/vagrant/htdocs/fourgreenfieldsfarm/vendor/laravel/framework/src/Illuminate/Foundation/Application.php(775): Illuminate\Routing\Router->dispatch(Object(Illuminate\Http\Request))
#25 /home/vagrant/htdocs/fourgreenfieldsfarm/vendor/laravel/framework/src/Illuminate/Foundation/Application.php(745): Illuminate\Foundation\Application->dispatch(Object(Illuminate\Http\Request))
#26 /home/vagrant/htdocs/fourgreenfieldsfarm/vendor/laravel/framework/src/Illuminate/Session/Middleware.php(72): Illuminate\Foundation\Application->handle(Object(Illuminate\Http\Request), 1, true)
#27 /home/vagrant/htdocs/fourgreenfieldsfarm/vendor/laravel/framework/src/Illuminate/Cookie/Queue.php(47): Illuminate\Session\Middleware->handle(Object(Illuminate\Http\Request), 1, true)
#28 /home/vagrant/htdocs/fourgreenfieldsfarm/vendor/laravel/framework/src/Illuminate/Cookie/Guard.php(51): Illuminate\Cookie\Queue->handle(Object(Illuminate\Http\Request), 1, true)
#29 /home/vagrant/htdocs/fourgreenfieldsfarm/vendor/stack/builder/src/Stack/StackedHttpKernel.php(23): Illuminate\Cookie\Guard->handle(Object(Illuminate\Http\Request), 1, true)
#30 /home/vagrant/htdocs/fourgreenfieldsfarm/vendor/laravel/framework/src/Illuminate/Foundation/Application.php(641): Stack\StackedHttpKernel->handle(Object(Illuminate\Http\Request))
#31 /home/vagrant/htdocs/fourgreenfieldsfarm/public/index.php(49): Illuminate\Foundation\Application->run()
#32 {main} [] []
